TN:
SF:src\constants\roles.ts
FNF:0
FNH:0
DA:1,1
LF:1
LH:1
BRF:0
BRH:0
end_of_record
TN:
SF:src\modules\auth\constants\mockUsers.ts
FN:35,validateMockCredentials
FN:40,(anonymous_1)
FNF:2
FNH:2
FNDA:3,validateMockCredentials
FNDA:8,(anonymous_1)
DA:11,1
DA:36,3
DA:37,3
DA:39,3
DA:41,8
LF:5
LH:5
BRDA:41,0,0,8
BRDA:41,0,1,2
BRF:2
BRH:2
end_of_record
TN:
SF:src\modules\campaigns\utils\campaignsShared.ts
FN:44,normalizeCollection
FN:61,buildInventoryMap
FN:62,(anonymous_2)
FN:75,getErrorMessage
FN:102,formatMoney
FNF:5
FNH:5
FNDA:7,normalizeCollection
FNDA:4,buildInventoryMap
FNDA:10,(anonymous_2)
FNDA:9,getErrorMessage
FNDA:6,formatMoney
DA:36,1
DA:45,7
DA:46,1
DA:49,6
DA:55,2
DA:58,4
DA:62,4
DA:63,10
DA:64,10
DA:66,10
DA:71,10
DA:76,9
DA:77,3
DA:80,6
DA:81,6
DA:82,1
DA:85,5
DA:86,5
DA:88,3
DA:89,1
DA:92,2
DA:93,1
DA:96,1
DA:98,2
DA:103,6
LF:25
LH:25
BRDA:45,0,0,1
BRDA:45,0,1,6
BRDA:49,1,0,2
BRDA:49,1,1,4
BRDA:50,2,0,6
BRDA:50,2,1,5
BRDA:50,2,2,4
BRDA:50,2,3,3
BRDA:63,3,0,10
BRDA:63,3,1,6
BRDA:68,4,0,10
BRDA:68,4,1,8
BRDA:76,5,0,3
BRDA:76,5,1,6
BRDA:81,6,0,1
BRDA:81,6,1,5
BRDA:88,7,0,1
BRDA:88,7,1,2
BRDA:92,8,0,1
BRDA:92,8,1,1
BRF:20
BRH:20
end_of_record
TN:
SF:src\modules\missions\constants\colombianCities.ts
FN:115,normalizeCityName
FN:123,findColombianCityByName
FN:127,(anonymous_2)
FNF:3
FNH:3
FNDA:16,normalizeCityName
FNDA:3,findColombianCityByName
FNDA:13,(anonymous_2)
DA:12,1
DA:116,16
DA:124,3
DA:126,3
DA:127,13
LF:5
LH:5
BRF:0
BRH:0
end_of_record
TN:
SF:src\services\api\auctionsService.ts
FN:34,getCampaignAuctions
FN:38,createAuction
FN:45,buyAuction
FNF:3
FNH:3
FNDA:2,getCampaignAuctions
FNDA:1,createAuction
FNDA:1,buyAuction
DA:35,2
DA:39,1
DA:46,1
LF:3
LH:3
BRDA:34,0,0,1
BRF:1
BRH:1
end_of_record
TN:
SF:src\services\api\campaignsService.ts
FN:27,getCampaigns
FN:31,createCampaign
FNF:2
FNH:2
FNDA:2,getCampaigns
FNDA:1,createCampaign
DA:28,2
DA:32,1
LF:2
LH:2
BRDA:27,0,0,1
BRDA:27,1,0,1
BRF:2
BRH:2
end_of_record
TN:
SF:src\services\api\donationsService.ts
FN:42,createMoneyDonation
FN:49,createItemDonation
FN:56,getItemDonations
FNF:3
FNH:3
FNDA:1,createMoneyDonation
FNDA:1,createItemDonation
FNDA:1,getItemDonations
DA:43,1
DA:50,1
DA:57,1
LF:3
LH:3
BRDA:56,0,0,1
BRDA:56,1,0,1
BRF:2
BRH:2
end_of_record
TN:
SF:src\services\api\eventsService.ts
FN:32,getEvents
FN:59,createEvent
FNF:2
FNH:2
FNDA:2,getEvents
FNDA:1,createEvent
DA:39,2
DA:44,2
DA:45,1
DA:48,2
DA:49,1
DA:52,2
DA:53,1
DA:56,2
DA:60,1
LF:9
LH:9
BRDA:32,0,0,1
BRDA:33,1,0,1
BRDA:34,2,0,1
BRDA:44,3,0,1
BRDA:44,3,1,1
BRDA:48,4,0,1
BRDA:48,4,1,1
BRDA:52,5,0,1
BRDA:52,5,1,1
BRF:9
BRH:9
end_of_record
TN:
SF:src\services\api\httpClient.ts
FN:10,isNetworkDebugEnabled
FN:18,logNetworkDebug
FN:27,getExpoHostIp
FN:39,getBrowserHost
FN:44,resolveApiBaseUrl
FN:102,httpClient
FNF:6
FNH:6
FNDA:9,isNetworkDebugEnabled
FNDA:9,logNetworkDebug
FNDA:3,getExpoHostIp
FNDA:1,getBrowserHost
FNDA:9,resolveApiBaseUrl
FNDA:9,httpClient
DA:4,9
DA:5,9
DA:6,9
DA:8,9
DA:11,9
DA:12,8
DA:15,1
DA:19,9
DA:20,8
DA:24,1
DA:29,3
DA:32,3
DA:33,1
DA:36,2
DA:40,1
DA:41,1
DA:45,9
DA:47,9
DA:48,9
DA:49,8
DA:51,8
DA:52,4
DA:55,4
DA:56,1
DA:58,1
DA:59,1
DA:60,1
DA:64,3
DA:66,3
DA:67,2
DA:68,2
DA:71,1
DA:72,1
DA:73,1
DA:76,0
DA:78,1
DA:83,9
DA:85,9
DA:86,9
DA:87,9
DA:106,9
DA:109,9
DA:110,9
DA:119,1
DA:122,8
DA:123,2
DA:124,2
DA:127,6
LF:48
LH:47
BRDA:11,0,0,8
BRDA:11,0,1,1
BRDA:19,1,0,8
BRDA:19,1,1,1
BRDA:24,2,0,1
BRDA:24,2,1,0
BRDA:29,3,0,3
BRDA:29,3,1,2
BRDA:32,4,0,1
BRDA:32,4,1,2
BRDA:36,5,0,2
BRDA:36,5,1,0
BRDA:41,6,0,1
BRDA:41,6,1,0
BRDA:45,7,0,9
BRDA:45,7,1,0
BRDA:49,8,0,8
BRDA:49,8,1,4
BRDA:51,9,0,4
BRDA:51,9,1,4
BRDA:55,10,0,1
BRDA:55,10,1,3
BRDA:58,11,0,1
BRDA:58,11,1,0
BRDA:58,12,0,1
BRDA:58,12,1,1
BRDA:58,12,2,1
BRDA:66,13,0,2
BRDA:66,13,1,1
BRDA:71,14,0,1
BRDA:71,14,1,0
BRDA:85,15,0,9
BRDA:85,15,1,0
BRDA:89,16,0,9
BRDA:89,16,1,0
BRDA:104,17,0,8
BRDA:104,18,0,9
BRDA:114,19,0,1
BRDA:114,19,1,8
BRDA:116,20,0,0
BRDA:116,20,1,9
BRDA:122,21,0,2
BRDA:122,21,1,6
BRDA:124,22,0,2
BRDA:124,22,1,1
BRF:45
BRH:36
end_of_record
TN:
SF:src\services\api\logisticsService.ts
FN:32,getPickupPoints
FN:38,createPickupPoint
FN:45,getShipments
FN:51,assignShipmentVolunteer
FNF:4
FNH:4
FNDA:1,getPickupPoints
FNDA:1,createPickupPoint
FNDA:2,getShipments
FNDA:1,assignShipmentVolunteer
DA:33,1
DA:39,1
DA:46,2
DA:52,1
LF:4
LH:4
BRDA:32,0,0,1
BRDA:32,1,0,1
BRDA:45,2,0,1
BRDA:45,3,0,1
BRF:4
BRH:4
end_of_record
TN:
SF:src\services\api\trackingApi.ts
FN:25,normalizePoint
FN:48,getShipmentLatestLocation
FN:60,getShipmentLocationHistory
FN:73,(anonymous_3)
FNF:4
FNH:4
FNDA:6,normalizePoint
FNDA:3,getShipmentLatestLocation
FNDA:2,getShipmentLocationHistory
FNDA:4,(anonymous_3)
DA:29,6
DA:30,6
DA:32,6
DA:33,2
DA:36,4
DA:38,4
DA:49,3
DA:53,3
DA:54,1
DA:57,2
DA:61,2
DA:63,2
DA:64,1
DA:67,2
DA:71,2
DA:73,2
DA:74,4
DA:76,4
DA:77,3
DA:81,2
LF:20
LH:20
BRDA:29,0,0,6
BRDA:29,0,1,3
BRDA:30,1,0,6
BRDA:30,1,1,3
BRDA:32,2,0,2
BRDA:32,2,1,4
BRDA:32,3,0,6
BRDA:32,3,1,4
BRDA:32,3,2,4
BRDA:32,3,3,4
BRDA:36,4,0,4
BRDA:36,4,1,3
BRDA:36,4,2,2
BRDA:42,5,0,0
BRDA:42,5,1,4
BRDA:43,6,0,1
BRDA:43,6,1,3
BRDA:44,7,0,4
BRDA:44,7,1,2
BRDA:44,7,2,0
BRDA:53,8,0,1
BRDA:53,8,1,2
BRDA:60,9,0,1
BRDA:63,10,0,1
BRDA:63,10,1,1
BRDA:76,11,0,3
BRDA:76,11,1,1
BRF:27
BRH:25
end_of_record
TN:
SF:src\services\api\usersService.ts
FN:15,getUsers
FNF:1
FNH:1
FNDA:2,getUsers
DA:16,2
LF:1
LH:1
BRDA:15,0,0,1
BRDA:15,1,0,1
BRF:2
BRH:2
end_of_record
TN:
SF:src\services\auth\authService.ts
FN:18,(anonymous_0)
FNF:1
FNH:1
FNDA:1,(anonymous_0)
DA:17,1
DA:19,1
LF:2
LH:2
BRF:0
BRH:0
end_of_record
TN:
SF:src\services\realtime\realtimeService.ts
FN:40,getKnownEnvMap
FN:44,getEnvValue
FN:54,isTruthyEnv
FN:62,getExpoHostIp
FN:74,getBrowserHost
FN:79,getApiBaseUrl
FN:83,resolveWsBaseUrl
FN:143,resolveWsNamespace
FN:157,resolveWsPath
FN:176,resolveWsTransports
FN:182,(anonymous_10)
FN:183,(anonymous_11)
FN:194,shouldAllowAnonymousWs
FN:198,isRealtimeDebugEnabled
FN:202,logRealtimeDebug
FN:211,syncJoinedRooms
FN:216,(anonymous_16)
FN:222,connectRealtime
FN:271,(anonymous_18)
FN:283,(anonymous_19)
FN:288,(anonymous_20)
FN:292,(anonymous_21)
FN:296,(anonymous_22)
FN:303,disconnectRealtime
FN:314,isRealtimeConnected
FN:318,joinRealtimeRoom
FN:324,leaveRealtimeRoom
FN:330,emitRealtime
FN:335,onRealtime
FN:336,(anonymous_29)
FN:343,(anonymous_30)
FN:348,emitChatSend
FN:352,onChatMessageCreated
FNF:33
FNH:0
FNDA:0,getKnownEnvMap
FNDA:0,getEnvValue
FNDA:0,isTruthyEnv
FNDA:0,getExpoHostIp
FNDA:0,getBrowserHost
FNDA:0,getApiBaseUrl
FNDA:0,resolveWsBaseUrl
FNDA:0,resolveWsNamespace
FNDA:0,resolveWsPath
FNDA:0,resolveWsTransports
FNDA:0,(anonymous_10)
FNDA:0,(anonymous_11)
FNDA:0,shouldAllowAnonymousWs
FNDA:0,isRealtimeDebugEnabled
FNDA:0,logRealtimeDebug
FNDA:0,syncJoinedRooms
FNDA:0,(anonymous_16)
FNDA:0,connectRealtime
FNDA:0,(anonymous_18)
FNDA:0,(anonymous_19)
FNDA:0,(anonymous_20)
FNDA:0,(anonymous_21)
FNDA:0,(anonymous_22)
FNDA:0,disconnectRealtime
FNDA:0,isRealtimeConnected
FNDA:0,joinRealtimeRoom
FNDA:0,leaveRealtimeRoom
FNDA:0,emitRealtime
FNDA:0,onRealtime
FNDA:0,(anonymous_29)
FNDA:0,(anonymous_30)
FNDA:0,emitChatSend
FNDA:0,onChatMessageCreated
DA:13,0
DA:14,0
DA:15,0
DA:17,0
DA:18,0
DA:19,0
DA:30,0
DA:41,0
DA:45,0
DA:47,0
DA:48,0
DA:51,0
DA:55,0
DA:56,0
DA:59,0
DA:64,0
DA:67,0
DA:68,0
DA:71,0
DA:75,0
DA:76,0
DA:80,0
DA:84,0
DA:86,0
DA:87,0
DA:88,0
DA:91,0
DA:93,0
DA:95,0
DA:96,0
DA:97,0
DA:99,0
DA:100,0
DA:103,0
DA:105,0
DA:106,0
DA:107,0
DA:108,0
DA:113,0
DA:115,0
DA:119,0
DA:121,0
DA:122,0
DA:123,0
DA:125,0
DA:127,0
DA:128,0
DA:130,0
DA:131,0
DA:132,0
DA:133,0
DA:137,0
DA:139,0
DA:144,0
DA:146,0
DA:147,0
DA:150,0
DA:151,0
DA:154,0
DA:158,0
DA:160,0
DA:161,0
DA:165,0
DA:166,0
DA:169,0
DA:170,0
DA:173,0
DA:177,0
DA:179,0
DA:180,0
DA:182,0
DA:183,0
DA:185,0
DA:186,0
DA:191,0
DA:195,0
DA:199,0
DA:203,0
DA:204,0
DA:208,0
DA:212,0
DA:213,0
DA:216,0
DA:217,0
DA:218,0
DA:223,0
DA:224,0
DA:227,0
DA:229,0
DA:230,0
DA:233,0
DA:234,0
DA:237,0
DA:238,0
DA:239,0
DA:240,0
DA:241,0
DA:243,0
DA:251,0
DA:271,0
DA:272,0
DA:273,0
DA:274,0
DA:283,0
DA:284,0
DA:285,0
DA:288,0
DA:289,0
DA:292,0
DA:293,0
DA:296,0
DA:297,0
DA:300,0
DA:304,0
DA:305,0
DA:308,0
DA:309,0
DA:310,0
DA:311,0
DA:315,0
DA:319,0
DA:320,0
DA:321,0
DA:325,0
DA:326,0
DA:327,0
DA:331,0
DA:332,0
DA:336,0
DA:337,0
DA:338,0
DA:341,0
DA:343,0
DA:344,0
DA:349,0
DA:353,0
LF:136
LH:0
BRDA:47,0,0,0
BRDA:47,0,1,0
BRDA:55,1,0,0
BRDA:55,1,1,0
BRDA:64,2,0,0
BRDA:64,2,1,0
BRDA:67,3,0,0
BRDA:67,3,1,0
BRDA:71,4,0,0
BRDA:71,4,1,0
BRDA:76,5,0,0
BRDA:76,5,1,0
BRDA:80,6,0,0
BRDA:80,6,1,0
BRDA:86,7,0,0
BRDA:86,7,1,0
BRDA:93,8,0,0
BRDA:93,8,1,0
BRDA:95,9,0,0
BRDA:95,9,1,0
BRDA:96,10,0,0
BRDA:96,10,1,0
BRDA:99,11,0,0
BRDA:99,11,1,0
BRDA:99,12,0,0
BRDA:99,12,1,0
BRDA:99,12,2,0
BRDA:105,13,0,0
BRDA:105,13,1,0
BRDA:107,14,0,0
BRDA:107,14,1,0
BRDA:125,15,0,0
BRDA:125,15,1,0
BRDA:127,16,0,0
BRDA:127,16,1,0
BRDA:130,17,0,0
BRDA:130,17,1,0
BRDA:132,18,0,0
BRDA:132,18,1,0
BRDA:146,19,0,0
BRDA:146,19,1,0
BRDA:150,20,0,0
BRDA:150,20,1,0
BRDA:160,21,0,0
BRDA:160,21,1,0
BRDA:165,22,0,0
BRDA:165,22,1,0
BRDA:169,23,0,0
BRDA:169,23,1,0
BRDA:179,24,0,0
BRDA:179,24,1,0
BRDA:183,25,0,0
BRDA:183,25,1,0
BRDA:185,26,0,0
BRDA:185,26,1,0
BRDA:191,27,0,0
BRDA:191,27,1,0
BRDA:203,28,0,0
BRDA:203,28,1,0
BRDA:208,29,0,0
BRDA:208,29,1,0
BRDA:212,30,0,0
BRDA:212,30,1,0
BRDA:212,31,0,0
BRDA:212,31,1,0
BRDA:222,32,0,0
BRDA:223,33,0,0
BRDA:223,33,1,0
BRDA:227,34,0,0
BRDA:227,34,1,0
BRDA:227,35,0,0
BRDA:227,35,1,0
BRDA:229,36,0,0
BRDA:229,36,1,0
BRDA:262,37,0,0
BRDA:262,37,1,0
BRDA:304,38,0,0
BRDA:304,38,1,0
BRF:78
BRH:0
end_of_record
TN:
SF:src\services\realtime\trackingLocation.ts
FN:21,startTrackingLocationWatch
FN:33,(anonymous_1)
FN:48,(anonymous_2)
FN:59,(anonymous_3)
FN:75,(anonymous_4)
FN:93,(anonymous_5)
FNF:6
FNH:0
FNDA:0,startTrackingLocationWatch
FNDA:0,(anonymous_1)
FNDA:0,(anonymous_2)
FNDA:0,(anonymous_3)
FNDA:0,(anonymous_4)
FNDA:0,(anonymous_5)
DA:25,0
DA:27,0
DA:28,0
DA:29,0
DA:32,0
DA:34,0
DA:58,0
DA:59,0
DA:63,0
DA:65,0
DA:66,0
DA:69,0
DA:76,0
DA:92,0
DA:93,0
LF:15
LH:0
BRDA:23,0,0,0
BRDA:25,1,0,0
BRDA:25,2,0,0
BRDA:27,3,0,0
BRDA:27,3,1,0
BRDA:28,4,0,0
BRDA:28,4,1,0
BRDA:38,5,0,0
BRDA:38,5,1,0
BRDA:38,6,0,0
BRDA:38,6,1,0
BRDA:42,7,0,0
BRDA:42,7,1,0
BRDA:42,8,0,0
BRDA:42,8,1,0
BRDA:65,9,0,0
BRDA:65,9,1,0
BRDA:80,10,0,0
BRDA:80,10,1,0
BRDA:80,11,0,0
BRDA:80,11,1,0
BRDA:84,12,0,0
BRDA:84,12,1,0
BRDA:84,13,0,0
BRDA:84,13,1,0
BRF:25
BRH:0
end_of_record
TN:
SF:src\services\realtime\trackingSocket.ts
FN:63,getEnvValue
FN:67,isTruthyEnv
FN:75,isTrackingDebugEnabled
FN:79,logTrackingDebug
FN:88,getExpoHostIp
FN:100,getBrowserHost
FN:105,getApiBaseUrl
FN:109,resolveWsBaseUrl
FN:167,resolveWsNamespace
FN:181,resolveWsPath
FN:199,resolveWsTransports
FN:205,(anonymous_11)
FN:206,(anonymous_12)
FN:216,setStatus
FN:220,normalizeTrackingPoint
FN:244,flushPendingUpdates
FN:260,subscribeActiveShipment
FN:269,connectTrackingSocket
FN:321,(anonymous_18)
FN:328,(anonymous_19)
FN:333,(anonymous_20)
FN:339,(anonymous_21)
FN:343,(anonymous_22)
FN:352,(anonymous_23)
FN:364,(anonymous_24)
FN:376,(anonymous_25)
FN:388,(anonymous_26)
FN:392,(anonymous_27)
FN:399,setTrackingSocketHandlers
FN:403,subscribeShipmentTracking
FN:408,sendShipmentLocationUpdate
FN:422,disconnectTrackingSocket
FNF:32
FNH:0
FNDA:0,getEnvValue
FNDA:0,isTruthyEnv
FNDA:0,isTrackingDebugEnabled
FNDA:0,logTrackingDebug
FNDA:0,getExpoHostIp
FNDA:0,getBrowserHost
FNDA:0,getApiBaseUrl
FNDA:0,resolveWsBaseUrl
FNDA:0,resolveWsNamespace
FNDA:0,resolveWsPath
FNDA:0,resolveWsTransports
FNDA:0,(anonymous_11)
FNDA:0,(anonymous_12)
FNDA:0,setStatus
FNDA:0,normalizeTrackingPoint
FNDA:0,flushPendingUpdates
FNDA:0,subscribeActiveShipment
FNDA:0,connectTrackingSocket
FNDA:0,(anonymous_18)
FNDA:0,(anonymous_19)
FNDA:0,(anonymous_20)
FNDA:0,(anonymous_21)
FNDA:0,(anonymous_22)
FNDA:0,(anonymous_23)
FNDA:0,(anonymous_24)
FNDA:0,(anonymous_25)
FNDA:0,(anonymous_26)
FNDA:0,(anonymous_27)
FNDA:0,setTrackingSocketHandlers
FNDA:0,subscribeShipmentTracking
FNDA:0,sendShipmentLocationUpdate
FNDA:0,disconnectTrackingSocket
DA:44,0
DA:45,0
DA:46,0
DA:47,0
DA:49,0
DA:58,0
DA:59,0
DA:60,0
DA:61,0
DA:64,0
DA:68,0
DA:69,0
DA:72,0
DA:76,0
DA:80,0
DA:81,0
DA:85,0
DA:90,0
DA:93,0
DA:94,0
DA:97,0
DA:101,0
DA:102,0
DA:106,0
DA:110,0
DA:112,0
DA:113,0
DA:114,0
DA:115,0
DA:117,0
DA:119,0
DA:120,0
DA:121,0
DA:123,0
DA:124,0
DA:127,0
DA:129,0
DA:130,0
DA:131,0
DA:132,0
DA:137,0
DA:139,0
DA:143,0
DA:145,0
DA:146,0
DA:147,0
DA:149,0
DA:151,0
DA:152,0
DA:154,0
DA:155,0
DA:156,0
DA:157,0
DA:161,0
DA:163,0
DA:168,0
DA:170,0
DA:171,0
DA:174,0
DA:175,0
DA:178,0
DA:182,0
DA:184,0
DA:185,0
DA:188,0
DA:189,0
DA:192,0
DA:193,0
DA:196,0
DA:200,0
DA:202,0
DA:203,0
DA:205,0
DA:206,0
DA:208,0
DA:209,0
DA:213,0
DA:217,0
DA:221,0
DA:222,0
DA:223,0
DA:225,0
DA:226,0
DA:229,0
DA:245,0
DA:246,0
DA:249,0
DA:250,0
DA:252,0
DA:253,0
DA:256,0
DA:261,0
DA:262,0
DA:265,0
DA:266,0
DA:270,0
DA:272,0
DA:273,0
DA:274,0
DA:277,0
DA:278,0
DA:279,0
DA:280,0
DA:283,0
DA:284,0
DA:285,0
DA:288,0
DA:289,0
DA:290,0
DA:291,0
DA:293,0
DA:301,0
DA:319,0
DA:321,0
DA:322,0
DA:323,0
DA:324,0
DA:325,0
DA:328,0
DA:329,0
DA:330,0
DA:333,0
DA:334,0
DA:335,0
DA:336,0
DA:339,0
DA:340,0
DA:343,0
DA:345,0
DA:349,0
DA:352,0
DA:353,0
DA:354,0
DA:357,0
DA:359,0
DA:360,0
DA:364,0
DA:365,0
DA:366,0
DA:369,0
DA:371,0
DA:372,0
DA:376,0
DA:377,0
DA:378,0
DA:381,0
DA:383,0
DA:384,0
DA:388,0
DA:389,0
DA:392,0
DA:393,0
DA:396,0
DA:400,0
DA:404,0
DA:405,0
DA:409,0
DA:410,0
DA:412,0
DA:413,0
DA:416,0
DA:419,0
DA:423,0
DA:424,0
DA:427,0
DA:428,0
DA:429,0
DA:430,0
DA:431,0
DA:432,0
DA:433,0
LF:171
LH:0
BRDA:68,0,0,0
BRDA:68,0,1,0
BRDA:80,1,0,0
BRDA:80,1,1,0
BRDA:85,2,0,0
BRDA:85,2,1,0
BRDA:90,3,0,0
BRDA:90,3,1,0
BRDA:93,4,0,0
BRDA:93,4,1,0
BRDA:97,5,0,0
BRDA:97,5,1,0
BRDA:102,6,0,0
BRDA:102,6,1,0
BRDA:106,7,0,0
BRDA:106,7,1,0
BRDA:112,8,0,0
BRDA:112,8,1,0
BRDA:117,9,0,0
BRDA:117,9,1,0
BRDA:119,10,0,0
BRDA:119,10,1,0
BRDA:120,11,0,0
BRDA:120,11,1,0
BRDA:123,12,0,0
BRDA:123,12,1,0
BRDA:123,13,0,0
BRDA:123,13,1,0
BRDA:123,13,2,0
BRDA:129,14,0,0
BRDA:129,14,1,0
BRDA:131,15,0,0
BRDA:131,15,1,0
BRDA:149,16,0,0
BRDA:149,16,1,0
BRDA:151,17,0,0
BRDA:151,17,1,0
BRDA:154,18,0,0
BRDA:154,18,1,0
BRDA:156,19,0,0
BRDA:156,19,1,0
BRDA:170,20,0,0
BRDA:170,20,1,0
BRDA:174,21,0,0
BRDA:174,21,1,0
BRDA:184,22,0,0
BRDA:184,22,1,0
BRDA:188,23,0,0
BRDA:188,23,1,0
BRDA:192,24,0,0
BRDA:192,24,1,0
BRDA:202,25,0,0
BRDA:202,25,1,0
BRDA:206,26,0,0
BRDA:206,26,1,0
BRDA:208,27,0,0
BRDA:208,27,1,0
BRDA:213,28,0,0
BRDA:213,28,1,0
BRDA:221,29,0,0
BRDA:221,29,1,0
BRDA:222,30,0,0
BRDA:222,30,1,0
BRDA:223,31,0,0
BRDA:223,31,1,0
BRDA:225,32,0,0
BRDA:225,32,1,0
BRDA:225,33,0,0
BRDA:225,33,1,0
BRDA:225,33,2,0
BRDA:233,34,0,0
BRDA:233,34,1,0
BRDA:234,35,0,0
BRDA:234,35,1,0
BRDA:236,36,0,0
BRDA:236,36,1,0
BRDA:238,37,0,0
BRDA:238,37,1,0
BRDA:245,38,0,0
BRDA:245,38,1,0
BRDA:245,39,0,0
BRDA:245,39,1,0
BRDA:252,40,0,0
BRDA:252,40,1,0
BRDA:261,41,0,0
BRDA:261,41,1,0
BRDA:261,42,0,0
BRDA:261,42,1,0
BRDA:269,43,0,0
BRDA:269,44,0,0
BRDA:272,45,0,0
BRDA:272,45,1,0
BRDA:277,46,0,0
BRDA:277,46,1,0
BRDA:277,47,0,0
BRDA:277,47,1,0
BRDA:278,48,0,0
BRDA:278,48,1,0
BRDA:345,49,0,0
BRDA:345,49,1,0
BRDA:345,50,0,0
BRDA:345,50,1,0
BRDA:345,50,2,0
BRDA:346,51,0,0
BRDA:346,51,1,0
BRDA:353,52,0,0
BRDA:353,52,1,0
BRDA:353,53,0,0
BRDA:353,53,1,0
BRDA:359,54,0,0
BRDA:359,54,1,0
BRDA:365,55,0,0
BRDA:365,55,1,0
BRDA:365,56,0,0
BRDA:365,56,1,0
BRDA:371,57,0,0
BRDA:371,57,1,0
BRDA:377,58,0,0
BRDA:377,58,1,0
BRDA:377,59,0,0
BRDA:377,59,1,0
BRDA:383,60,0,0
BRDA:383,60,1,0
BRDA:409,61,0,0
BRDA:409,61,1,0
BRDA:412,62,0,0
BRDA:412,62,1,0
BRDA:423,63,0,0
BRDA:423,63,1,0
BRF:129
BRH:0
end_of_record
TN:
SF:src\services\state\pickupPointsMemory.ts
FN:5,upsert
FN:8,(anonymous_1)
FN:12,(anonymous_2)
FN:16,(anonymous_3)
FN:19,rememberPickupPoints
FN:23,rememberPickupPoint
FN:27,getRememberedPickupPoints
FNF:7
FNH:7
FNDA:6,upsert
FNDA:11,(anonymous_1)
FNDA:5,(anonymous_2)
FNDA:11,(anonymous_3)
FNDA:3,rememberPickupPoints
FNDA:3,rememberPickupPoint
FNDA:2,getRememberedPickupPoints
DA:3,1
DA:6,6
DA:8,6
DA:9,11
DA:12,6
DA:13,5
DA:16,11
DA:20,3
DA:24,3
DA:28,2
LF:10
LH:10
BRF:0
BRH:0
end_of_record
TN:
SF:src\types\pagination.ts
FNF:0
FNH:0
LF:0
LH:0
BRF:0
BRH:0
end_of_record
